Using pre-set license
Built from '2022.1/staging' branch; Version is '2022.1.23f1 (9636b062134a) revision 9844400'; Using compiler version '192829333'; Build Type 'Release'
OS: 'Windows 10  (10.0.19045) 64bit Professional' Language: 'ru' Physical Memory: 16306 MB
BatchMode: 1, IsHumanControllingUs: 0, StartBugReporterOnCrash: 0, Is64bit: 1, IsPro: 1

COMMAND LINE ARGUMENTS:
C:\Program Files\Unity\Hub\Editor\2022.1.23f1\Editor\Unity.exe
-adb2
-batchMode
-noUpm
-name
AssetImportWorker0
-projectPath
E:/UnityProjects/Alien Planformer Curse
-logFile
Logs/AssetImportWorker0.log
-srvPort
50077
Successfully changed project path to: E:/UnityProjects/Alien Planformer Curse
E:/UnityProjects/Alien Planformer Curse
[UnityMemory] Configuration Parameters - Can be set up in boot.config
    "memorysetup-bucket-allocator-granularity=16"
    "memorysetup-bucket-allocator-bucket-count=8"
    "memorysetup-bucket-allocator-block-size=33554432"
    "memorysetup-bucket-allocator-block-count=8"
    "memorysetup-main-allocator-block-size=16777216"
    "memorysetup-thread-allocator-block-size=16777216"
    "memorysetup-gfx-main-allocator-block-size=16777216"
    "memorysetup-gfx-thread-allocator-block-size=16777216"
    "memorysetup-cache-allocator-block-size=4194304"
    "memorysetup-typetree-allocator-block-size=2097152"
    "memorysetup-profiler-bucket-allocator-granularity=16"
    "memorysetup-profiler-bucket-allocator-bucket-count=8"
    "memorysetup-profiler-bucket-allocator-block-size=33554432"
    "memorysetup-profiler-bucket-allocator-block-count=8"
    "memorysetup-profiler-allocator-block-size=16777216"
    "memorysetup-profiler-editor-allocator-block-size=1048576"
    "memorysetup-temp-allocator-size-main=16777216"
    "memorysetup-job-temp-allocator-block-size=2097152"
    "memorysetup-job-temp-allocator-block-size-background=1048576"
    "memorysetup-job-temp-allocator-reduction-small-platforms=262144"
    "memorysetup-temp-allocator-size-background-worker=32768"
    "memorysetup-temp-allocator-size-job-worker=262144"
    "memorysetup-temp-allocator-size-preload-manager=33554432"
    "memorysetup-temp-allocator-size-nav-mesh-worker=65536"
    "memorysetup-temp-allocator-size-audio-worker=65536"
    "memorysetup-temp-allocator-size-cloud-worker=32768"
    "memorysetup-temp-allocator-size-gi-baking-worker=262144"
    "memorysetup-temp-allocator-size-gfx=262144"
Refreshing native plugins compatible for Editor in 148.69 ms, found 4 plugins.
Preloading 0 native plugins for Editor in 0.00 ms.
Initialize engine version: 2022.1.23f1 (9636b062134a)
[Subsystems] Discovering subsystems at path C:/Program Files/Unity/Hub/Editor/2022.1.23f1/Editor/Data/Resources/UnitySubsystems
[Subsystems] Discovering subsystems at path E:/UnityProjects/Alien Planformer Curse/Assets
GfxDevice: creating device client; threaded=0; jobified=0
Direct3D:
    Version:  Direct3D 11.0 [level 11.1]
    Renderer: NVIDIA GeForce GTX 1650 (ID=0x2188)
    Vendor:   NVIDIA
    VRAM:     3949 MB
    Driver:   31.0.15.3168
Initialize mono
Mono path[0] = 'C:/Program Files/Unity/Hub/Editor/2022.1.23f1/Editor/Data/Managed'
Mono path[1] = 'C:/Program Files/Unity/Hub/Editor/2022.1.23f1/Editor/Data/MonoBleedingEdge/lib/mono/unityjit-win32'
Mono config path = 'C:/Program Files/Unity/Hub/Editor/2022.1.23f1/Editor/Data/MonoBleedingEdge/etc'
Using monoOptions --debugger-agent=transport=dt_socket,embedding=1,server=y,suspend=n,address=127.0.0.1:56332
Begin MonoManager ReloadAssembly
Registering precompiled unity dll's ...
Register platform support module: C:/Program Files/Unity/Hub/Editor/2022.1.23f1/Editor/Data/PlaybackEngines/WebGLSupport/UnityEditor.WebGL.Extensions.dll
Register platform support module: C:/Program Files/Unity/Hub/Editor/2022.1.23f1/Editor/Data/PlaybackEngines/WindowsStandaloneSupport/UnityEditor.WindowsStandalone.Extensions.dll
Registered in 0.013954 seconds.
Native extension for WindowsStandalone target not found
Native extension for WebGL target not found
Refreshing native plugins compatible for Editor in 137.44 ms, found 4 plugins.
Preloading 0 native plugins for Editor in 0.00 ms.
Mono: successfully reloaded assembly
- Completed reload, in  1.021 seconds
Domain Reload Profiling:
	ReloadAssembly (1022ms)
		BeginReloadAssembly (137ms)
			ExecutionOrderSort (0ms)
			DisableScriptedObjects (0ms)
			BackupInstance (0ms)
			ReleaseScriptingObjects (0ms)
			CreateAndSetChildDomain (1ms)
		EndReloadAssembly (700ms)
			LoadAssemblies (132ms)
			RebuildTransferFunctionScriptingTraits (0ms)
			SetupTypeCache (158ms)
				TypeCache.Initialize (157ms)
					TypeCache.ScanAssembly (156ms)
				ResolveRequiredComponents (1ms)
			ReleaseScriptCaches (0ms)
			RebuildScriptCaches (41ms)
			SetupLoadedEditorAssemblies (425ms)
				LogAssemblyErrors (0ms)
				InitializePlatformSupportModulesInManaged (13ms)
				SetLoadedEditorAssemblies (11ms)
				RefreshPlugins (138ms)
				BeforeProcessingInitializeOnLoad (2ms)
				ProcessInitializeOnLoadAttributes (191ms)
				ProcessInitializeOnLoadMethodAttributes (69ms)
				AfterProcessingInitializeOnLoad (0ms)
				EditorAssembliesLoaded (0ms)
			ExecutionOrderSort2 (0ms)
			AwakeInstancesAfterBackupRestoration (0ms)
Platform modules already initialized, skipping
Registering precompiled user dll's ...
Registered in 0.008070 seconds.
Begin MonoManager ReloadAssembly
Symbol file LoadedFromMemory doesn't match image E:\UnityProjects\Alien Planformer Curse\Library\PackageCache\com.unity.visualscripting@1.7.8\Editor\VisualScripting.Core\Dependencies\YamlDotNet\Unity.VisualScripting.YamlDotNet.dll
Symbol file LoadedFromMemory doesn't match image E:\UnityProjects\Alien Planformer Curse\Library\PackageCache\com.unity.visualscripting@1.7.8\Editor\VisualScripting.Core\Dependencies\DotNetZip\Unity.VisualScripting.IonicZip.dll
Native extension for WindowsStandalone target not found
Native extension for WebGL target not found
Refreshing native plugins compatible for Editor in 163.18 ms, found 4 plugins.
Preloading 0 native plugins for Editor in 0.00 ms.
Mono: successfully reloaded assembly
- Completed reload, in  1.739 seconds
Domain Reload Profiling:
	ReloadAssembly (1740ms)
		BeginReloadAssembly (176ms)
			ExecutionOrderSort (0ms)
			DisableScriptedObjects (8ms)
			BackupInstance (0ms)
			ReleaseScriptingObjects (0ms)
			CreateAndSetChildDomain (26ms)
		EndReloadAssembly (1396ms)
			LoadAssemblies (127ms)
			RebuildTransferFunctionScriptingTraits (0ms)
			SetupTypeCache (358ms)
				TypeCache.Initialize (351ms)
					TypeCache.ScanAssembly (345ms)
				ResolveRequiredComponents (7ms)
			ReleaseScriptCaches (1ms)
			RebuildScriptCaches (86ms)
			SetupLoadedEditorAssemblies (751ms)
				LogAssemblyErrors (0ms)
				InitializePlatformSupportModulesInManaged (13ms)
				SetLoadedEditorAssemblies (12ms)
				RefreshPlugins (163ms)
				BeforeProcessingInitializeOnLoad (145ms)
				ProcessInitializeOnLoadAttributes (350ms)
				ProcessInitializeOnLoadMethodAttributes (52ms)
				AfterProcessingInitializeOnLoad (15ms)
				EditorAssembliesLoaded (0ms)
			ExecutionOrderSort2 (0ms)
			AwakeInstancesAfterBackupRestoration (7ms)
Platform modules already initialized, skipping
========================================================================
Worker process is ready to serve import requests
Launched and connected shader compiler UnityShaderCompiler.exe after 0.08 seconds
Refreshing native plugins compatible for Editor in 1.95 ms, found 4 plugins.
Preloading 0 native plugins for Editor in 0.00 ms.
Unloading 4111 Unused Serialized files (Serialized files now loaded: 0)
Unloading 39 unused Assets / (58.8 KB). Loaded Objects now: 4570.
Memory consumption went from 0.63 GB to 0.63 GB.
Total: 5.001600 ms (FindLiveObjects: 0.456000 ms CreateObjectMapping: 0.166600 ms MarkObjects: 4.254200 ms  DeleteObjects: 0.123300 ms)

AssetImportParameters requested are different than current active one (requested -> active):
  custom:video-decoder-ogg-theora: a1e56fd34408186e4bbccfd4996cb3dc -> 
  custom:container-muxer-webm: aa71ff27fc2769a1b78a27578f13a17b -> 
  custom:container-demuxer-webm: 4f35f7cbe854078d1ac9338744f61a02 -> 
  custom:video-encoder-webm-vp8: eb34c28f22e8b96e1ab97ce403110664 -> 
  custom:audio-encoder-webm-vorbis: bf7c407c2cedff20999df2af8eb42d56 -> 
  custom:framework-win-MediaFoundation: 216162199b28c13a410421893ffa2e32 -> 
  custom:container-demuxer-ogg: 62fdf1f143b41e24485cea50d1cbac27 -> 
  custom:video-decoder-webm-vp8: 9c59270c3fd7afecdb556c50c9e8de78 -> 
  custom:audio-decoder-ogg-vorbis: bf7c407c2cedff20999df2af8eb42d56 -> 
========================================================================
Received Import Request.
  Time since last request: 1199285.554853 seconds.
  path: Assets/Sprite/PNG/Retina/cactus3.png
  artifactKey: Guid(5680e999c62ecd248bef9f7d74b2ca95) Importer(815301076,1909f56bfc062723c751e8b465ee728b)
Start importing Assets/Sprite/PNG/Retina/cactus3.png using Guid(5680e999c62ecd248bef9f7d74b2ca95) Importer(815301076,1909f56bfc062723c751e8b465ee728b)  -> (artifact id: '6157a767f2d21c6c1a22e40384867106') in 0.160238 seconds 
========================================================================
Received Import Request.
  Time since last request: 0.000030 seconds.
  path: Assets/Sprite/PNG/Retina/bushOrange2.png
  artifactKey: Guid(b411cb98f6ddb7b4c9ca7d5146fa72cc) Importer(815301076,1909f56bfc062723c751e8b465ee728b)
Start importing Assets/Sprite/PNG/Retina/bushOrange2.png using Guid(b411cb98f6ddb7b4c9ca7d5146fa72cc) Importer(815301076,1909f56bfc062723c751e8b465ee728b)  -> (artifact id: '8d32c688e82f9778d3192284232d0458') in 0.028495 seconds 
========================================================================
Received Import Request.
  Time since last request: 0.000031 seconds.
  path: Assets/Sprite/PNG/Retina/houseAlt1.png
  artifactKey: Guid(620d20911d21a9f40ba27239ddc83e1a) Importer(815301076,1909f56bfc062723c751e8b465ee728b)
Start importing Assets/Sprite/PNG/Retina/houseAlt1.png using Guid(620d20911d21a9f40ba27239ddc83e1a) Importer(815301076,1909f56bfc062723c751e8b465ee728b)  -> (artifact id: 'd69110a5b7aa8b39568e6bf7e50fbd85') in 0.040785 seconds 
========================================================================
Received Import Request.
  Time since last request: 0.000040 seconds.
  path: Assets/Sprite/PNG/Retina/house2.png
  artifactKey: Guid(d5bf54823c65096419910d7edc3b3396) Importer(815301076,1909f56bfc062723c751e8b465ee728b)
Start importing Assets/Sprite/PNG/Retina/house2.png using Guid(d5bf54823c65096419910d7edc3b3396) Importer(815301076,1909f56bfc062723c751e8b465ee728b)  -> (artifact id: 'fa38812deca4665bbf7c38693b5a83c0') in 0.051789 seconds 
========================================================================
Received Import Request.
  Time since last request: 0.000038 seconds.
  path: Assets/Sprite/PNG/Retina/moon.png
  artifactKey: Guid(eabda13086150e64989c8570d4b5d4d6) Importer(815301076,1909f56bfc062723c751e8b465ee728b)
Start importing Assets/Sprite/PNG/Retina/moon.png using Guid(eabda13086150e64989c8570d4b5d4d6) Importer(815301076,1909f56bfc062723c751e8b465ee728b)  -> (artifact id: '3ac3a50c931c15c3a5c4c515eb3b092e') in 0.029208 seconds 
========================================================================
Received Import Request.
  Time since last request: 0.000039 seconds.
  path: Assets/Sprite/PNG/Retina/cactus2.png
  artifactKey: Guid(eaee29160505e5543bbe59ce5c5a5585) Importer(815301076,1909f56bfc062723c751e8b465ee728b)
Start importing Assets/Sprite/PNG/Retina/cactus2.png using Guid(eaee29160505e5543bbe59ce5c5a5585) Importer(815301076,1909f56bfc062723c751e8b465ee728b)  -> (artifact id: 'c092bdd65757af593a2dec0646ac0842') in 0.037819 seconds 
========================================================================
Received Import Request.
  Time since last request: 0.000024 seconds.
  path: Assets/Sprite/PNG/Retina/treePineFrozen.png
  artifactKey: Guid(4ba4bb8af216dba48ac323042f07a8d2) Importer(815301076,1909f56bfc062723c751e8b465ee728b)
Start importing Assets/Sprite/PNG/Retina/treePineFrozen.png using Guid(4ba4bb8af216dba48ac323042f07a8d2) Importer(815301076,1909f56bfc062723c751e8b465ee728b)  -> (artifact id: '0bf001e863d851e2b5bc67770c92d4c6') in 0.036992 seconds 
========================================================================
Received Import Request.
  Time since last request: 0.000023 seconds.
  path: Assets/Sprite/PNG/Retina/towerSmall.png
  artifactKey: Guid(c665e0ac9de51a54b9f5d51810e36400) Importer(815301076,1909f56bfc062723c751e8b465ee728b)
Start importing Assets/Sprite/PNG/Retina/towerSmall.png using Guid(c665e0ac9de51a54b9f5d51810e36400) Importer(815301076,1909f56bfc062723c751e8b465ee728b)  -> (artifact id: '1f00a76f260cc09aa358c66157c2bc33') in 0.021996 seconds 
========================================================================
Received Import Request.
  Time since last request: 0.000025 seconds.
  path: Assets/Sprite/PNG/Retina/bushOrange3.png
  artifactKey: Guid(245f11c7b72528b419d4e569708f402c) Importer(815301076,1909f56bfc062723c751e8b465ee728b)
Start importing Assets/Sprite/PNG/Retina/bushOrange3.png using Guid(245f11c7b72528b419d4e569708f402c) Importer(815301076,1909f56bfc062723c751e8b465ee728b)  -> (artifact id: '1a6d90943f9a60f4b24d61bdc73e209c') in 0.021870 seconds 
========================================================================
Received Import Request.
  Time since last request: 0.000019 seconds.
  path: Assets/Sprite/PNG/Retina/treeOrange.png
  artifactKey: Guid(fc6e38b667281284590f874dc769f950) Importer(815301076,1909f56bfc062723c751e8b465ee728b)
Start importing Assets/Sprite/PNG/Retina/treeOrange.png using Guid(fc6e38b667281284590f874dc769f950) Importer(815301076,1909f56bfc062723c751e8b465ee728b)  -> (artifact id: '33752ce19f9c5a65fd1a6d089b988c8d') in 0.028358 seconds 
========================================================================
Received Import Request.
  Time since last request: 0.000040 seconds.
  path: Assets/Sprite/PNG/Retina/treeLongFrozen.png
  artifactKey: Guid(c1979aca5a3254b4f94ea5bfd6e8b47e) Importer(815301076,1909f56bfc062723c751e8b465ee728b)
Start importing Assets/Sprite/PNG/Retina/treeLongFrozen.png using Guid(c1979aca5a3254b4f94ea5bfd6e8b47e) Importer(815301076,1909f56bfc062723c751e8b465ee728b)  -> (artifact id: 'f2d59788489bada18926955f3c2e6ff3') in 0.029464 seconds 
========================================================================
Received Import Request.
  Time since last request: 0.000029 seconds.
  path: Assets/Sprite/PNG/Retina/treeFrozen.png
  artifactKey: Guid(272ed49b9e4a1ac488fa0ddcbd207ad4) Importer(815301076,1909f56bfc062723c751e8b465ee728b)
Start importing Assets/Sprite/PNG/Retina/treeFrozen.png using Guid(272ed49b9e4a1ac488fa0ddcbd207ad4) Importer(815301076,1909f56bfc062723c751e8b465ee728b)  -> (artifact id: '279734c2aa27d2a5a8b4a2e8d75d1f0d') in 0.030089 seconds 
========================================================================
Received Import Request.
  Time since last request: 0.000024 seconds.
  path: Assets/Sprite/PNG/Retina/cactus1.png
  artifactKey: Guid(4d9e2a7e8bcc9464783c8a1f88295ce9) Importer(815301076,1909f56bfc062723c751e8b465ee728b)
Start importing Assets/Sprite/PNG/Retina/cactus1.png using Guid(4d9e2a7e8bcc9464783c8a1f88295ce9) Importer(815301076,1909f56bfc062723c751e8b465ee728b)  -> (artifact id: 'da6197213231e0f3921dded618b3541f') in 0.026245 seconds 
========================================================================
Received Import Request.
  Time since last request: 0.000026 seconds.
  path: Assets/Sprite/PNG/Retina/treeLongOrange.png
  artifactKey: Guid(e26f429c141c6554ab39e52ab8f985f2) Importer(815301076,1909f56bfc062723c751e8b465ee728b)
Start importing Assets/Sprite/PNG/Retina/treeLongOrange.png using Guid(e26f429c141c6554ab39e52ab8f985f2) Importer(815301076,1909f56bfc062723c751e8b465ee728b)  -> (artifact id: 'e64f7194477ce6f3fb82a6a32bbbd0b4') in 0.030298 seconds 
========================================================================
Received Import Request.
  Time since last request: 0.000024 seconds.
  path: Assets/Sprite/PNG/Retina/treeSmall_orange3.png
  artifactKey: Guid(7c4b678d81bed0e43984a234e115927b) Importer(815301076,1909f56bfc062723c751e8b465ee728b)
Start importing Assets/Sprite/PNG/Retina/treeSmall_orange3.png using Guid(7c4b678d81bed0e43984a234e115927b) Importer(815301076,1909f56bfc062723c751e8b465ee728b)  -> (artifact id: '64a106743584bce84edf49831b843d8f') in 0.022551 seconds 
========================================================================
Received Import Request.
  Time since last request: 0.000030 seconds.
  path: Assets/Sprite/PNG/Retina/cloud3.png
  artifactKey: Guid(3cd6d3e7f796d214c8f7cd79af828b1c) Importer(815301076,1909f56bfc062723c751e8b465ee728b)
Start importing Assets/Sprite/PNG/Retina/cloud3.png using Guid(3cd6d3e7f796d214c8f7cd79af828b1c) Importer(815301076,1909f56bfc062723c751e8b465ee728b)  -> (artifact id: '4cd2f2696bcda90b5df754df5031c211') in 0.030170 seconds 
========================================================================
Received Import Request.
  Time since last request: 0.000034 seconds.
  path: Assets/Sprite/PNG/Retina/cloud8.png
  artifactKey: Guid(0cb828f7c4035f94b95723eb8650940e) Importer(815301076,1909f56bfc062723c751e8b465ee728b)
Start importing Assets/Sprite/PNG/Retina/cloud8.png using Guid(0cb828f7c4035f94b95723eb8650940e) Importer(815301076,1909f56bfc062723c751e8b465ee728b)  -> (artifact id: 'fac4ffbe97c006c8eaba4ca739aa5b7a') in 0.032128 seconds 
========================================================================
Received Import Request.
  Time since last request: 0.000039 seconds.
  path: Assets/Sprite/PNG/Retina/bushOrange4.png
  artifactKey: Guid(23f1b1f430b3f034a8d091ee16c239fe) Importer(815301076,1909f56bfc062723c751e8b465ee728b)
Start importing Assets/Sprite/PNG/Retina/bushOrange4.png using Guid(23f1b1f430b3f034a8d091ee16c239fe) Importer(815301076,1909f56bfc062723c751e8b465ee728b)  -> (artifact id: '2082043bb468fe98aea437697aa4235f') in 0.024873 seconds 
========================================================================
Received Import Request.
  Time since last request: 0.000042 seconds.
  path: Assets/Sprite/PNG/Retina/treeDead.png
  artifactKey: Guid(f78a2dd035cc00b42863309b14cb3bbd) Importer(815301076,1909f56bfc062723c751e8b465ee728b)
Start importing Assets/Sprite/PNG/Retina/treeDead.png using Guid(f78a2dd035cc00b42863309b14cb3bbd) Importer(815301076,1909f56bfc062723c751e8b465ee728b)  -> (artifact id: 'ca049a8b2e83a5b7f0f44d933b50a320') in 0.034688 seconds 
========================================================================
Received Import Request.
  Time since last request: 0.000022 seconds.
  path: Assets/Sprite/PNG/Retina/castleWallAlt.png
  artifactKey: Guid(e7b1c827eecb6ec44870d84327501b56) Importer(815301076,1909f56bfc062723c751e8b465ee728b)
Start importing Assets/Sprite/PNG/Retina/castleWallAlt.png using Guid(e7b1c827eecb6ec44870d84327501b56) Importer(815301076,1909f56bfc062723c751e8b465ee728b)  -> (artifact id: 'e737ed36f97551a0ad3a1b2dc25b7a70') in 0.019461 seconds 
========================================================================
Received Import Request.
  Time since last request: 0.000033 seconds.
  path: Assets/Sprite/PNG/Retina/treeLong.png
  artifactKey: Guid(067fed4b6030cb549a05e7cdd443075a) Importer(815301076,1909f56bfc062723c751e8b465ee728b)
Start importing Assets/Sprite/PNG/Retina/treeLong.png using Guid(067fed4b6030cb549a05e7cdd443075a) Importer(815301076,1909f56bfc062723c751e8b465ee728b)  -> (artifact id: 'fb470b7e46674868ef97581be204437b') in 0.025854 seconds 
========================================================================
Received Import Request.
  Time since last request: 0.000027 seconds.
  path: Assets/Sprite/PNG/Retina/fence.png
  artifactKey: Guid(558a7a6521b197f419bf928c2adf3a57) Importer(815301076,1909f56bfc062723c751e8b465ee728b)
Start importing Assets/Sprite/PNG/Retina/fence.png using Guid(558a7a6521b197f419bf928c2adf3a57) Importer(815301076,1909f56bfc062723c751e8b465ee728b)  -> (artifact id: 'a02e55702bf214a38c1d714ec72bfa1b') in 0.027950 seconds 
Editor requested this worker to shutdown with reason: Scaling down because of idle timeout
AssetImportWorker is now disconnected from the server
Process exiting
Exiting without the bug reporter. Application will terminate with return code 0